<?xml version="1.0" encoding="UTF-8"?>
<testng-results ignored="0" total="1" passed="1" failed="0" skipped="0">
  <reporter-output>
  </reporter-output>
  <suite started-at="2024-05-03T19:47:01 BST" name="Suite" finished-at="2024-05-03T19:47:10 BST" duration-ms="9280">
    <groups>
    </groups>
    <test started-at="2024-05-03T19:47:01 BST" name="Test" finished-at="2024-05-03T19:47:10 BST" duration-ms="9280">
      <class name="com.shopper.qa.testcases.SearchResultPageTest">
        <test-method is-config="true" signature="setUp()[pri:0, instance:com.shopper.qa.testcases.SearchResultPageTest@159f197]" started-at="2024-05-03T19:47:01 BST" name="setUp" finished-at="2024-05-03T19:47:09 BST" duration-ms="8059" status="PASS">
          <reporter-output>
          </reporter-output>
        </test-method> <!-- setUp -->
        <test-method signature="verifySearchResultWorkingCorrectly()[pri:1, instance:com.shopper.qa.testcases.SearchResultPageTest@159f197]" started-at="2024-05-03T19:47:09 BST" name="verifySearchResultWorkingCorrectly" finished-at="2024-05-03T19:47:09 BST" duration-ms="491" status="PASS">
          <reporter-output>
          </reporter-output>
        </test-method> <!-- verifySearchResultWorkingCorrectly -->
        <test-method is-config="true" signature="tearDown()[pri:0, instance:com.shopper.qa.testcases.SearchResultPageTest@159f197]" started-at="2024-05-03T19:47:09 BST" name="tearDown" finished-at="2024-05-03T19:47:10 BST" duration-ms="705" status="PASS">
          <reporter-output>
          </reporter-output>
        </test-method> <!-- tearDown -->
      </class> <!-- com.shopper.qa.testcases.SearchResultPageTest -->
    </test> <!-- Test -->
  </suite> <!-- Suite -->
</testng-results>
